Building DAG of jobs...
Using shell: /bin/bash
Provided cluster nodes: 5000
Job stats:
job       count    min threads    max threads
------  -------  -------------  -------------
pp            1              1              1
step_1        1              1              1
step_2        1              1              1
step_4        1              1              1
total         4              1              1

Select jobs to execute...

[Fri Sep 29 21:04:55 2023]
rule step_1:
    input: /stanley/WangLab/Data/Analyzed/2023-10-01-Jiahao-Test/CNS_Well07
    output: /stanley/WangLab/Data/Analyzed/2023-10-01-Jiahao-Test/CNS_Well07/orig.txt
    jobid: 3
    reason: Missing output files: /stanley/WangLab/Data/Analyzed/2023-10-01-Jiahao-Test/CNS_Well07/orig.txt
    resources: mem_mb=1000, mem_mib=954, disk_mb=1000, disk_mib=954, tmpdir=<TBD>

Submitted job 3 with external jobid '40457603'.
Waiting at most 60 seconds for missing files.
[Fri Sep 29 21:05:55 2023]
Finished job 3.
1 of 4 steps (25%) done
Select jobs to execute...

[Fri Sep 29 21:05:55 2023]
rule step_2:
    input: /stanley/WangLab/Data/Analyzed/2023-10-01-Jiahao-Test/CNS_Well07/orig.txt
    output: /stanley/WangLab/Data/Analyzed/2023-10-01-Jiahao-Test/CNS_Well07/orig_2.txt
    jobid: 2
    reason: Missing output files: /stanley/WangLab/Data/Analyzed/2023-10-01-Jiahao-Test/CNS_Well07/orig_2.txt; Input files updated by another job: /stanley/WangLab/Data/Analyzed/2023-10-01-Jiahao-Test/CNS_Well07/orig.txt; Code has changed since last execution
    resources: mem_mb=1000, mem_mib=954, disk_mb=1000, disk_mib=954, tmpdir=<TBD>

Submitted job 2 with external jobid '40457604'.
[Fri Sep 29 21:07:51 2023]
Error in rule step_2:
    jobid: 2
    input: /stanley/WangLab/Data/Analyzed/2023-10-01-Jiahao-Test/CNS_Well07/orig.txt
    output: /stanley/WangLab/Data/Analyzed/2023-10-01-Jiahao-Test/CNS_Well07/orig_2.txt
    shell:
        echo step2 is done >> /stanley/WangLab/Data/Analyzed/2023-10-01-Jiahao-Test/CNS_Well07/orig.txt
        (one of the commands exited with non-zero exit code; note that snakemake uses bash strict mode!)
    cluster_jobid: 40457604

Error executing rule step_2 on cluster (jobid: 2, external: 40457604, jobscript: /stanley/WangLab/jiahao/Github/starfinder/modules/preprocessing/.snakemake/tmp.b32wt5f_/snakejob.step_2.2.sh). For error details see the cluster log and the log files of the involved rule(s).
Trying to restart job 2.
Select jobs to execute...

[Fri Sep 29 21:07:51 2023]
rule step_2:
    input: /stanley/WangLab/Data/Analyzed/2023-10-01-Jiahao-Test/CNS_Well07/orig.txt
    output: /stanley/WangLab/Data/Analyzed/2023-10-01-Jiahao-Test/CNS_Well07/orig_2.txt
    jobid: 2
    reason: Missing output files: /stanley/WangLab/Data/Analyzed/2023-10-01-Jiahao-Test/CNS_Well07/orig_2.txt; Input files updated by another job: /stanley/WangLab/Data/Analyzed/2023-10-01-Jiahao-Test/CNS_Well07/orig.txt; Code has changed since last execution
    resources: mem_mb=1000, mem_mib=954, disk_mb=1000, disk_mib=954, tmpdir=<TBD>

Submitted job 2 with external jobid '40457606'.
[Fri Sep 29 21:09:14 2023]
Error in rule step_2:
    jobid: 2
    input: /stanley/WangLab/Data/Analyzed/2023-10-01-Jiahao-Test/CNS_Well07/orig.txt
    output: /stanley/WangLab/Data/Analyzed/2023-10-01-Jiahao-Test/CNS_Well07/orig_2.txt
    shell:
        echo step2 is done >> /stanley/WangLab/Data/Analyzed/2023-10-01-Jiahao-Test/CNS_Well07/orig.txt
        (one of the commands exited with non-zero exit code; note that snakemake uses bash strict mode!)
    cluster_jobid: 40457606

Error executing rule step_2 on cluster (jobid: 2, external: 40457606, jobscript: /stanley/WangLab/jiahao/Github/starfinder/modules/preprocessing/.snakemake/tmp.b32wt5f_/snakejob.step_2.2.sh). For error details see the cluster log and the log files of the involved rule(s).
Trying to restart job 2.
Select jobs to execute...

[Fri Sep 29 21:09:14 2023]
rule step_2:
    input: /stanley/WangLab/Data/Analyzed/2023-10-01-Jiahao-Test/CNS_Well07/orig.txt
    output: /stanley/WangLab/Data/Analyzed/2023-10-01-Jiahao-Test/CNS_Well07/orig_2.txt
    jobid: 2
    reason: Missing output files: /stanley/WangLab/Data/Analyzed/2023-10-01-Jiahao-Test/CNS_Well07/orig_2.txt; Input files updated by another job: /stanley/WangLab/Data/Analyzed/2023-10-01-Jiahao-Test/CNS_Well07/orig.txt; Code has changed since last execution
    resources: mem_mb=1000, mem_mib=954, disk_mb=1000, disk_mib=954, tmpdir=<TBD>

Submitted job 2 with external jobid '40457608'.
Terminating processes on user request, this might take some time.
No --cluster-cancel given. Will exit after finishing currently running jobs.
Complete log: .snakemake/log/2023-09-29T210454.704534.snakemake.log
