Building DAG of jobs...
Using shell: /bin/bash
Provided cluster nodes: 5000
Job stats:
job       count    min threads    max threads
------  -------  -------------  -------------
pp            1              1              1
step_1        1              1              1
step_2        1              1              1
step_4        1              1              1
total         4              1              1

Select jobs to execute...

[Fri Sep 29 21:15:23 2023]
rule step_1:
    input: /stanley/WangLab/Data/Analyzed/2023-10-01-Jiahao-Test/CNS_Well07
    output: /stanley/WangLab/Data/Analyzed/2023-10-01-Jiahao-Test/CNS_Well07/orig.txt
    jobid: 3
    reason: Missing output files: /stanley/WangLab/Data/Analyzed/2023-10-01-Jiahao-Test/CNS_Well07/orig.txt
    resources: mem_mb=1000, mem_mib=954, disk_mb=1000, disk_mib=954, tmpdir=<TBD>

Submitted job 3 with external jobid '40457614'.
Waiting at most 60 seconds for missing files.
[Fri Sep 29 21:16:23 2023]
Finished job 3.
1 of 4 steps (25%) done
Select jobs to execute...

[Fri Sep 29 21:16:23 2023]
rule step_2:
    input: /stanley/WangLab/Data/Analyzed/2023-10-01-Jiahao-Test/CNS_Well07/orig.txt
    output: /stanley/WangLab/Data/Analyzed/2023-10-01-Jiahao-Test/CNS_Well07/orig_2.txt
    jobid: 2
    reason: Missing output files: /stanley/WangLab/Data/Analyzed/2023-10-01-Jiahao-Test/CNS_Well07/orig_2.txt; Input files updated by another job: /stanley/WangLab/Data/Analyzed/2023-10-01-Jiahao-Test/CNS_Well07/orig.txt
    resources: mem_mb=1000, mem_mib=954, disk_mb=1000, disk_mib=954, tmpdir=<TBD>

Submitted job 2 with external jobid '40457615'.
Waiting at most 60 seconds for missing files.
[Fri Sep 29 21:16:53 2023]
Finished job 2.
2 of 4 steps (50%) done
Select jobs to execute...

[Fri Sep 29 21:16:53 2023]
rule step_4:
    input: /stanley/WangLab/Data/Analyzed/2023-10-01-Jiahao-Test/CNS_Well07/orig_2.txt, /stanley/WangLab/Data/Analyzed/2023-10-01-Jiahao-Test/CNS_Well07/orig.txt
    output: /stanley/WangLab/Data/Analyzed/2023-10-01-Jiahao-Test/CNS_Well07/orig_end.txt
    jobid: 1
    reason: Missing output files: /stanley/WangLab/Data/Analyzed/2023-10-01-Jiahao-Test/CNS_Well07/orig_end.txt; Input files updated by another job: /stanley/WangLab/Data/Analyzed/2023-10-01-Jiahao-Test/CNS_Well07/orig_2.txt, /stanley/WangLab/Data/Analyzed/2023-10-01-Jiahao-Test/CNS_Well07/orig.txt; Set of input files has changed since last execution; Code has changed since last execution
    resources: mem_mb=1000, mem_mib=954, disk_mb=1000, disk_mib=954, tmpdir=<TBD>

Submitted job 1 with external jobid '40457627'.
[Fri Sep 29 21:17:31 2023]
Finished job 1.
3 of 4 steps (75%) done
Select jobs to execute...

[Fri Sep 29 21:17:31 2023]
localrule pp:
    input: /stanley/WangLab/Data/Analyzed/2023-10-01-Jiahao-Test/CNS_Well07/orig_end.txt
    jobid: 0
    reason: Input files updated by another job: /stanley/WangLab/Data/Analyzed/2023-10-01-Jiahao-Test/CNS_Well07/orig_end.txt
    resources: mem_mb=1000, mem_mib=954, disk_mb=1000, disk_mib=954, tmpdir=/local/scratch/40457165.1.interactive

[Fri Sep 29 21:17:31 2023]
Finished job 0.
4 of 4 steps (100%) done
Complete log: .snakemake/log/2023-09-29T211522.132334.snakemake.log
